#
# A fatal error has been detected by the Java Runtime Environment:
#
#  Internal Error (classFileParser.cpp:3161), pid=1580, tid=3066010480
#  Error: ShouldNotReachHere()
#
# JRE version: 6.0_21-b06
# Java VM: Java HotSpot(TM) Server VM (17.0-b16 mixed mode linux-x86 )
# If you would like to submit a bug report, please visit:
#   http://java.sun.com/webapps/bugreport/crash.jsp
#

---------------  T H R E A D  ---------------

Current thread (0xb6a04c00):  JavaThread "Unknown thread" [_thread_in_vm, id=1587, stack(0xb6ba9000,0xb6bfa000)]

Stack: [0xb6ba9000,0xb6bfa000],  sp=0xb6bf8800,  free space=13eb6bfa000k
Native frames: (J=compiled Java code, j=interpreted, Vv=VM code, C=native code)
V  [libjvm.so+0x6a9262]
V  [libjvm.so+0x2b28bf]
V  [libjvm.so+0x24d30a]
V  [libjvm.so+0x253321]
V  [libjvm.so+0x63be0f]
V  [libjvm.so+0x63a0b5]
V  [libjvm.so+0x638f76]
V  [libjvm.so+0x638c20]
V  [libjvm.so+0x63d59a]
V  [libjvm.so+0x63d62c]
V  [libjvm.so+0x63d6f0]
V  [libjvm.so+0x63d4d9]
V  [libjvm.so+0x682c0a]
V  [libjvm.so+0x68428f]
V  [libjvm.so+0x36f84c]
V  [libjvm.so+0x66d00d]
V  [libjvm.so+0x3c7566]
C  [java+0x305c]
C  [java+0x1942]  JavaMain+0x72
C  [libpthread.so.0+0x6a49]


---------------  P R O C E S S  ---------------

Java Threads: ( => current thread )

Other Threads:

=>0xb6a04c00 (exited) JavaThread "Unknown thread" [_thread_in_vm, id=1587, stack(0xb6ba9000,0xb6bfa000)]

VM state:not at safepoint (not fully initialized)

VM Mutex/Monitor currently owned by a thread: None

Dynamic libraries:
00798000-007b6000 r-xp 00000000 fd:00 9621       /lib/ld-2.12.so
007b6000-007b7000 r-xp 0001d000 fd:00 9621       /lib/ld-2.12.so
007b7000-007b8000 rwxp 0001e000 fd:00 9621       /lib/ld-2.12.so
007ba000-0094a000 r-xp 00000000 fd:00 9641       /lib/libc-2.12.so
0094a000-0094c000 r-xp 0018f000 fd:00 9641       /lib/libc-2.12.so
0094c000-0094d000 rwxp 00191000 fd:00 9641       /lib/libc-2.12.so
0094d000-00950000 rwxp 00000000 00:00 0 
00952000-0097a000 r-xp 00000000 fd:00 9672       /lib/libm-2.12.so
0097a000-0097b000 r-xp 00027000 fd:00 9672       /lib/libm-2.12.so
0097b000-0097c000 rwxp 00028000 fd:00 9672       /lib/libm-2.12.so
0097e000-00981000 r-xp 00000000 fd:00 9692       /lib/libdl-2.12.so
00981000-00982000 r-xp 00002000 fd:00 9692       /lib/libdl-2.12.so
00982000-00983000 rwxp 00003000 fd:00 9692       /lib/libdl-2.12.so
00985000-0099c000 r-xp 00000000 fd:00 9691       /lib/libpthread-2.12.so
0099c000-0099d000 r-xp 00016000 fd:00 9691       /lib/libpthread-2.12.so
0099d000-0099e000 rwxp 00017000 fd:00 9691       /lib/libpthread-2.12.so
0099e000-009a0000 rwxp 00000000 00:00 0 
009b8000-009bf000 r-xp 00000000 fd:00 11444      /lib/librt-2.12.so
009bf000-009c0000 r-xp 00006000 fd:00 11444      /lib/librt-2.12.so
009c0000-009c1000 rwxp 00007000 fd:00 11444      /lib/librt-2.12.so
07636000-0764d000 r-xp 00000000 fd:00 11476      /lib/libnsl-2.12.so
0764d000-0764e000 r-xp 00016000 fd:00 11476      /lib/libnsl-2.12.so
0764e000-0764f000 rwxp 00017000 fd:00 11476      /lib/libnsl-2.12.so
0764f000-07651000 rwxp 00000000 00:00 0 
08048000-08052000 r-xp 00000000 00:15 9966699    /software/common/jdk1.6.0_21/bin/java
08052000-08053000 rwxp 00009000 00:15 9966699    /software/common/jdk1.6.0_21/bin/java
08200000-08221000 rwxp 00000000 00:00 0          [heap]
73b3e000-73c00000 r-xs 010c7000 00:15 3194973    /software/common/eclipse-helios-3.6.2/platforms/android-16/android.jar
73c00000-73c21000 rwxp 00000000 00:00 0 
73c21000-73d00000 ---p 00000000 00:00 0 
73d7f000-73d80000 ---p 00000000 00:00 0 
73d80000-73e00000 rwxp 00000000 00:00 0 
73e00000-73e21000 rwxp 00000000 00:00 0 
73e21000-73f00000 ---p 00000000 00:00 0 
73f66000-73f67000 ---p 00000000 00:00 0 
73f67000-73fef000 rwxp 00000000 00:00 0 
73fef000-74007000 rwxp 00000000 00:00 0 
74007000-7401b000 rwxp 00000000 00:00 0 
7401b000-74144000 rwxp 00000000 00:00 0 
74144000-7414c000 rwxp 00000000 00:00 0 
7414c000-74164000 rwxp 00000000 00:00 0 
74164000-74178000 rwxp 00000000 00:00 0 
74178000-742a0000 rwxp 00000000 00:00 0 
742a0000-742ab000 rwxp 00000000 00:00 0 
742ab000-7433f000 rwxp 00000000 00:00 0 
7433f000-75340000 rwxp 00000000 00:00 0 
75340000-78340000 rwxp 00000000 00:00 0 
78340000-7aad0000 rwxp 00000000 00:00 0 
7aad0000-9fca0000 rwxp 00000000 00:00 0 
9fca0000-a1060000 rwxp 00000000 00:00 0 
a1060000-b3940000 rwxp 00000000 00:00 0 
b3940000-b3949000 rwxp 00000000 00:00 0 
b3949000-b3a00000 rwxp 00000000 00:00 0 
b3a00000-b3c40000 rwxp 00000000 00:00 0 
b3c40000-b6a69000 rwxp 00000000 00:00 0 
b6a69000-b6b00000 ---p 00000000 00:00 0 
b6b0b000-b6b1a000 r-xp 00000000 00:15 3506392    /software/common/jdk1.6.0_21/jre/lib/i386/libzip.so
b6b1a000-b6b1c000 rwxp 0000e000 00:15 3506392    /software/common/jdk1.6.0_21/jre/lib/i386/libzip.so
b6b1c000-b6b24000 rwxs 00000000 fd:04 80668      /tmp/hsperfdata_avarnau/1580
b6b24000-b6b84000 r-xs 00000000 fd:02 382180     /var/db/nscd/passwd
b6b84000-b6ba7000 r-xp 00000000 00:15 3506231    /software/common/jdk1.6.0_21/jre/lib/i386/libjava.so
b6ba7000-b6ba9000 rwxp 00023000 00:15 3506231    /software/common/jdk1.6.0_21/jre/lib/i386/libjava.so
b6ba9000-b6bac000 ---p 00000000 00:00 0 
b6bac000-b6bfa000 rwxp 00000000 00:00 0 
b6bfa000-b7326000 r-xp 00000000 00:15 3774993    /software/common/jdk1.6.0_21/jre/lib/i386/server/libjvm.so
b7326000-b7379000 rwxp 0072c000 00:15 3774993    /software/common/jdk1.6.0_21/jre/lib/i386/server/libjvm.so
b7379000-b779a000 rwxp 00000000 00:00 0 
b779a000-b77a1000 r-xp 00000000 00:15 3806772    /software/common/jdk1.6.0_21/jre/lib/i386/jli/libjli.so
b77a1000-b77a3000 rwxp 00006000 00:15 3806772    /software/common/jdk1.6.0_21/jre/lib/i386/jli/libjli.so
b77a7000-b77ad000 r-xp 00000000 00:15 3527364    /software/common/jdk1.6.0_21/jre/lib/i386/native_threads/libhpi.so
b77ad000-b77ae000 rwxp 00006000 00:15 3527364    /software/common/jdk1.6.0_21/jre/lib/i386/native_threads/libhpi.so
b77ae000-b77af000 rwxp 00000000 00:00 0 
b77af000-b77b0000 r-xp 00000000 00:00 0 
b77b0000-b77bb000 r-xp 00000000 00:15 3506230    /software/common/jdk1.6.0_21/jre/lib/i386/libverify.so
b77bb000-b77bc000 rwxp 0000b000 00:15 3506230    /software/common/jdk1.6.0_21/jre/lib/i386/libverify.so
b77bc000-b77bd000 rwxp 00000000 00:00 0 
b77bd000-b77be000 r-xp 00000000 00:00 0          [vdso]
bfa61000-bfa77000 rwxp 00000000 00:00 0          [stack]

VM Arguments:
jvm_args: -Dfile.encoding=ANSI_X3.4-1968 -Xbootclasspath:/software/common/eclipse-helios-3.6.2/platforms/android-16/android.jar:/software/common/eclipse-helios-3.6.2/add-ons/addon-google_apis-google-16/libs/effects.jar:/software/common/eclipse-helios-3.6.2/add-ons/addon-google_apis-google-16/libs/usb.jar:/software/common/eclipse-helios-3.6.2/add-ons/addon-google_apis-google-16/libs/maps.jar 
java_command: org.eclipse.jdt.internal.junit.runner.RemoteTestRunner -version 3 -port 37982 -testLoaderClass org.eclipse.jdt.internal.junit.runner.junit3.JUnit3TestLoader -loaderpluginname org.eclipse.jdt.junit.runtime -classNames com.cs110.tests.MappingActivityTests
Launcher Type: SUN_STANDARD

Environment Variables:
PATH=/home/linux/ieng6/cs110w/public/bin:/software/common/eclipse-helios-3.6.2/eclipse:/usr/lib/qt-3.3/bin:/software/common/mutt/bin:/software/common/matlab/bin:/software/common/jdk/bin:/software/common/eclipse/eclipse:/software/common/TeXLive/bin/i386-linux:/software/common/AcroRead/bin:/software/nonrdist/bin:/software/common/bin:/software/common/Modules/3.2.9/bin:/usr/local/bin:/usr/bin:/bin:/usr/local/sbin:/usr/sbin:/sbin:/software/common/pine/bin
USERNAME=avarnau
LD_LIBRARY_PATH=/software/common/jdk1.6.0_21/jre/lib/i386/server:/software/common/jdk1.6.0_21/jre/lib/i386:/software/common/jdk1.6.0_21/jre/../lib/i386:/software/common/jdk1.7.0_02/jre/lib/i386/client:/software/common/jdk1.7.0_02/jre/lib/i386:
SHELL=/bin/bash
DISPLAY=:0.0

Signal Handlers:
SIGSEGV: [libjvm.so+0x6a9eb0], sa_mask[0]=0x7ffbfeff, sa_flags=0x10000004
SIGBUS: [libjvm.so+0x6a9eb0], sa_mask[0]=0x7ffbfeff, sa_flags=0x10000004
SIGFPE: [libjvm.so+0x578180], sa_mask[0]=0x7ffbfeff, sa_flags=0x10000004
SIGPIPE: [libjvm.so+0x578180], sa_mask[0]=0x7ffbfeff, sa_flags=0x10000004
SIGXFSZ: [libjvm.so+0x578180], sa_mask[0]=0x7ffbfeff, sa_flags=0x10000004
SIGILL: [libjvm.so+0x578180], sa_mask[0]=0x7ffbfeff, sa_flags=0x10000004
SIGUSR1: SIG_DFL, sa_mask[0]=0x00000000, sa_flags=0x00000000
SIGUSR2: [libjvm.so+0x57adc0], sa_mask[0]=0x00000004, sa_flags=0x10000004
SIGHUP: SIG_DFL, sa_mask[0]=0x00000000, sa_flags=0x00000000
SIGINT: SIG_DFL, sa_mask[0]=0x00000000, sa_flags=0x00000000
SIGTERM: SIG_DFL, sa_mask[0]=0x00000000, sa_flags=0x00000000
SIGQUIT: SIG_DFL, sa_mask[0]=0x00000000, sa_flags=0x00000000


---------------  S Y S T E M  ---------------

OS:CentOS release 6.3 (Final)

uname:Linux 2.6.32-279.22.1.el6.i686 #1 SMP Wed Feb 6 00:31:03 UTC 2013 i686
libc:glibc 2.12 NPTL 2.12 
rlimit: STACK 10240k, CORE 0k, NPROC 1024, NOFILE 4096, AS infinity
load average:0.02 0.02 0.00

CPU:total 2 (2 cores per cpu, 1 threads per core) family 6 model 23 stepping 10, cmov, cx8, fxsr, mmx, sse, sse2, sse3, ssse3, sse4.1

Memory: 4k page, physical 3884296k(905212k free), swap 7725904k(7725904k free)

vm_info: Java HotSpot(TM) Server VM (17.0-b16) for linux-x86 JRE (1.6.0_21-b06), built on Jun 22 2010 01:04:46 by "java_re" with gcc 3.2.1-7a (J2SE release)

time: Thu Feb 21 20:44:18 2013
elapsed time: 0 seconds

